TN:
SF:src\App.tsx
FN:14,(anonymous_0)
FN:39,(anonymous_1)
FN:68,(anonymous_2)
FN:75,App
FNF:4
FNH:4
FNDA:1,(anonymous_0)
FNDA:9,(anonymous_1)
FNDA:1,(anonymous_2)
FNDA:1,App
DA:14,1
DA:15,1
DA:17,1
DA:29,1
DA:40,9
DA:41,9
DA:68,1
DA:69,1
DA:76,1
LF:9
LH:9
BRDA:51,0,0,1
BRDA:51,0,1,8
BRDA:52,1,0,1
BRDA:52,1,1,8
BRDA:53,2,0,1
BRDA:53,2,1,8
BRDA:55,3,0,1
BRDA:55,3,1,8
BRF:8
BRH:8
end_of_record
TN:
SF:src\main.tsx
FNF:0
FNH:0
DA:6,0
LF:1
LH:0
BRF:0
BRH:0
end_of_record
TN:
SF:src\api\axios.ts
FN:12,(anonymous_0)
FN:13,(anonymous_1)
FNF:2
FNH:0
FNDA:0,(anonymous_0)
FNDA:0,(anonymous_1)
DA:3,1
DA:12,1
DA:13,0
DA:15,0
DA:16,0
LF:5
LH:2
BRDA:15,0,0,0
BRDA:15,0,1,0
BRF:2
BRH:0
end_of_record
TN:
SF:src\components\CrudPage.tsx
FN:15,(anonymous_0)
FN:25,(anonymous_1)
FN:38,(anonymous_2)
FN:42,(anonymous_3)
FN:60,(anonymous_4)
FN:65,(anonymous_5)
FN:75,(anonymous_6)
FN:80,(anonymous_7)
FN:81,(anonymous_8)
FN:104,(anonymous_9)
FN:127,(anonymous_10)
FN:132,(anonymous_11)
FN:134,(anonymous_12)
FN:141,(anonymous_13)
FN:144,(anonymous_14)
FN:157,(anonymous_15)
FNF:16
FNH:0
FNDA:0,(anonymous_0)
FNDA:0,(anonymous_1)
FNDA:0,(anonymous_2)
FNDA:0,(anonymous_3)
FNDA:0,(anonymous_4)
FNDA:0,(anonymous_5)
FNDA:0,(anonymous_6)
FNDA:0,(anonymous_7)
FNDA:0,(anonymous_8)
FNDA:0,(anonymous_9)
FNDA:0,(anonymous_10)
FNDA:0,(anonymous_11)
FNDA:0,(anonymous_12)
FNDA:0,(anonymous_13)
FNDA:0,(anonymous_14)
FNDA:0,(anonymous_15)
DA:15,1
DA:16,0
DA:17,0
DA:18,0
DA:20,0
DA:21,0
DA:22,0
DA:23,0
DA:25,0
DA:26,0
DA:27,0
DA:28,0
DA:29,0
DA:30,0
DA:32,0
DA:34,0
DA:38,0
DA:39,0
DA:42,0
DA:43,0
DA:44,0
DA:45,0
DA:46,0
DA:47,0
DA:49,0
DA:51,0
DA:52,0
DA:54,0
DA:56,0
DA:60,0
DA:61,0
DA:62,0
DA:65,0
DA:66,0
DA:67,0
DA:68,0
DA:69,0
DA:71,0
DA:75,0
DA:76,0
DA:77,0
DA:80,0
DA:81,0
DA:84,0
DA:104,0
DA:127,0
DA:133,0
DA:135,0
DA:141,0
DA:144,0
DA:157,0
LF:51
LH:1
BRDA:32,0,0,0
BRDA:32,0,1,0
BRDA:46,1,0,0
BRDA:46,1,1,0
BRDA:54,2,0,0
BRDA:54,2,1,0
BRDA:66,3,0,0
BRDA:66,3,1,0
BRDA:71,4,0,0
BRDA:71,4,1,0
BRDA:111,5,0,0
BRDA:111,5,1,0
BRDA:115,6,0,0
BRDA:115,6,1,0
BRDA:117,7,0,0
BRDA:117,7,1,0
BRDA:136,8,0,0
BRDA:136,8,1,0
BRDA:157,9,0,0
BRDA:157,9,1,0
BRDA:161,10,0,0
BRDA:161,10,1,0
BRF:22
BRH:0
end_of_record
TN:
SF:src\components\Modal.tsx
FN:13,(anonymous_0)
FN:16,(anonymous_1)
FNF:2
FNH:0
FNDA:0,(anonymous_0)
FNDA:0,(anonymous_1)
DA:13,1
DA:14,0
DA:16,0
DA:17,0
DA:20,0
DA:23,0
DA:72,0
LF:7
LH:1
BRDA:13,0,0,0
BRDA:20,1,0,0
BRDA:20,1,1,0
BRDA:20,2,0,0
BRDA:20,2,1,0
BRF:5
BRH:0
end_of_record
TN:
SF:src\pages\Categorias.tsx
FN:4,(anonymous_0)
FN:15,(anonymous_1)
FN:19,(anonymous_2)
FN:23,(anonymous_3)
FNF:4
FNH:0
FNDA:0,(anonymous_0)
FNDA:0,(anonymous_1)
FNDA:0,(anonymous_2)
FNDA:0,(anonymous_3)
DA:4,1
DA:5,0
DA:16,0
DA:19,0
DA:23,0
LF:5
LH:1
BRF:0
BRH:0
end_of_record
TN:
SF:src\pages\Clientes.tsx
FN:4,(anonymous_0)
FN:17,(anonymous_1)
FN:21,(anonymous_2)
FN:25,(anonymous_3)
FN:29,(anonymous_4)
FN:33,(anonymous_5)
FNF:6
FNH:0
FNDA:0,(anonymous_0)
FNDA:0,(anonymous_1)
FNDA:0,(anonymous_2)
FNDA:0,(anonymous_3)
FNDA:0,(anonymous_4)
FNDA:0,(anonymous_5)
DA:4,1
DA:5,0
DA:18,0
DA:21,0
DA:25,0
DA:29,0
DA:33,0
LF:7
LH:1
BRF:0
BRH:0
end_of_record
TN:
SF:src\pages\Estoque.tsx
FN:32,(anonymous_0)
FN:59,(anonymous_1)
FN:76,(anonymous_2)
FN:80,(anonymous_3)
FN:107,(anonymous_4)
FN:139,(anonymous_5)
FN:152,(anonymous_6)
FN:156,(anonymous_7)
FN:165,(anonymous_8)
FN:176,(anonymous_9)
FN:210,(anonymous_10)
FN:237,(anonymous_11)
FN:237,(anonymous_12)
FN:248,(anonymous_13)
FN:258,(anonymous_14)
FN:262,(anonymous_15)
FN:266,(anonymous_16)
FN:271,(anonymous_17)
FN:280,(anonymous_18)
FN:285,(anonymous_19)
FN:294,(anonymous_20)
FN:299,(anonymous_21)
FN:311,(anonymous_22)
FN:327,(anonymous_23)
FN:330,(anonymous_24)
FN:334,(anonymous_25)
FN:334,(anonymous_26)
FN:351,(anonymous_27)
FN:357,(anonymous_28)
FNF:29
FNH:0
FNDA:0,(anonymous_0)
FNDA:0,(anonymous_1)
FNDA:0,(anonymous_2)
FNDA:0,(anonymous_3)
FNDA:0,(anonymous_4)
FNDA:0,(anonymous_5)
FNDA:0,(anonymous_6)
FNDA:0,(anonymous_7)
FNDA:0,(anonymous_8)
FNDA:0,(anonymous_9)
FNDA:0,(anonymous_10)
FNDA:0,(anonymous_11)
FNDA:0,(anonymous_12)
FNDA:0,(anonymous_13)
FNDA:0,(anonymous_14)
FNDA:0,(anonymous_15)
FNDA:0,(anonymous_16)
FNDA:0,(anonymous_17)
FNDA:0,(anonymous_18)
FNDA:0,(anonymous_19)
FNDA:0,(anonymous_20)
FNDA:0,(anonymous_21)
FNDA:0,(anonymous_22)
FNDA:0,(anonymous_23)
FNDA:0,(anonymous_24)
FNDA:0,(anonymous_25)
FNDA:0,(anonymous_26)
FNDA:0,(anonymous_27)
FNDA:0,(anonymous_28)
DA:32,1
DA:33,0
DA:36,0
DA:37,0
DA:38,0
DA:39,0
DA:42,0
DA:43,0
DA:46,0
DA:47,0
DA:48,0
DA:49,0
DA:50,0
DA:51,0
DA:54,0
DA:55,0
DA:56,0
DA:57,0
DA:59,0
DA:60,0
DA:61,0
DA:62,0
DA:66,0
DA:67,0
DA:68,0
DA:70,0
DA:72,0
DA:76,0
DA:77,0
DA:80,0
DA:81,0
DA:82,0
DA:84,0
DA:85,0
DA:86,0
DA:94,0
DA:95,0
DA:96,0
DA:97,0
DA:98,0
DA:99,0
DA:101,0
DA:103,0
DA:107,0
DA:108,0
DA:109,0
DA:111,0
DA:112,0
DA:113,0
DA:114,0
DA:120,0
DA:127,0
DA:128,0
DA:129,0
DA:130,0
DA:131,0
DA:133,0
DA:135,0
DA:139,0
DA:140,0
DA:141,0
DA:144,0
DA:152,0
DA:156,0
DA:165,0
DA:176,0
DA:211,0
DA:237,0
DA:238,0
DA:248,0
DA:258,0
DA:262,0
DA:266,0
DA:271,0
DA:280,0
DA:285,0
DA:294,0
DA:299,0
DA:311,0
DA:327,0
DA:331,0
DA:334,0
DA:335,0
DA:351,0
DA:357,0
LF:85
LH:1
BRDA:70,0,0,0
BRDA:70,0,1,0
BRDA:82,1,0,0
BRDA:82,1,1,0
BRDA:82,2,0,0
BRDA:82,2,1,0
BRDA:91,3,0,0
BRDA:91,3,1,0
BRDA:101,4,0,0
BRDA:101,4,1,0
BRDA:109,5,0,0
BRDA:109,5,1,0
BRDA:109,6,0,0
BRDA:109,6,1,0
BRDA:113,7,0,0
BRDA:113,7,1,0
BRDA:133,8,0,0
BRDA:133,8,1,0
BRDA:140,9,0,0
BRDA:140,9,1,0
BRDA:140,10,0,0
BRDA:140,10,1,0
BRDA:155,11,0,0
BRDA:155,11,1,0
BRDA:168,12,0,0
BRDA:168,12,1,0
BRDA:169,13,0,0
BRDA:169,13,1,0
BRDA:170,14,0,0
BRDA:170,14,1,0
BRDA:179,15,0,0
BRDA:179,15,1,0
BRDA:180,16,0,0
BRDA:180,16,1,0
BRDA:181,17,0,0
BRDA:181,17,1,0
BRDA:190,18,0,0
BRDA:190,18,1,0
BRDA:195,19,0,0
BRDA:195,19,1,0
BRDA:197,20,0,0
BRDA:197,20,1,0
BRDA:215,21,0,0
BRDA:215,21,1,0
BRDA:219,22,0,0
BRDA:219,22,1,0
BRDA:244,23,0,0
BRDA:244,23,1,0
BRDA:245,24,0,0
BRDA:245,24,1,0
BRDA:248,25,0,0
BRDA:248,25,1,0
BRDA:288,26,0,0
BRDA:288,26,1,0
BRDA:302,27,0,0
BRDA:302,27,1,0
BRDA:303,28,0,0
BRDA:303,28,1,0
BRDA:314,29,0,0
BRDA:314,29,1,0
BRDA:315,30,0,0
BRDA:315,30,1,0
BRDA:325,31,0,0
BRDA:325,31,1,0
BRDA:329,32,0,0
BRDA:329,32,1,0
BRDA:347,33,0,0
BRDA:347,33,1,0
BRDA:361,34,0,0
BRDA:361,34,1,0
BRF:70
BRH:0
end_of_record
TN:
SF:src\pages\Fornecedores.tsx
FN:4,(anonymous_0)
FN:17,(anonymous_1)
FN:21,(anonymous_2)
FN:25,(anonymous_3)
FN:29,(anonymous_4)
FN:33,(anonymous_5)
FNF:6
FNH:0
FNDA:0,(anonymous_0)
FNDA:0,(anonymous_1)
FNDA:0,(anonymous_2)
FNDA:0,(anonymous_3)
FNDA:0,(anonymous_4)
FNDA:0,(anonymous_5)
DA:4,1
DA:5,0
DA:18,0
DA:21,0
DA:25,0
DA:29,0
DA:33,0
LF:7
LH:1
BRF:0
BRH:0
end_of_record
TN:
SF:src\pages\OrdensProducao.tsx
FN:26,(anonymous_0)
FN:38,(anonymous_1)
FN:42,(anonymous_2)
FN:58,(anonymous_3)
FN:73,(anonymous_4)
FN:94,(anonymous_5)
FN:106,(anonymous_6)
FN:133,(anonymous_7)
FN:138,(anonymous_8)
FN:140,(anonymous_9)
FN:146,(anonymous_10)
FN:148,(anonymous_11)
FN:154,(anonymous_12)
FN:187,(anonymous_13)
FN:198,(anonymous_14)
FNF:15
FNH:0
FNDA:0,(anonymous_0)
FNDA:0,(anonymous_1)
FNDA:0,(anonymous_2)
FNDA:0,(anonymous_3)
FNDA:0,(anonymous_4)
FNDA:0,(anonymous_5)
FNDA:0,(anonymous_6)
FNDA:0,(anonymous_7)
FNDA:0,(anonymous_8)
FNDA:0,(anonymous_9)
FNDA:0,(anonymous_10)
FNDA:0,(anonymous_11)
FNDA:0,(anonymous_12)
FNDA:0,(anonymous_13)
FNDA:0,(anonymous_14)
DA:26,1
DA:27,0
DA:28,0
DA:29,0
DA:30,0
DA:32,0
DA:33,0
DA:34,0
DA:35,0
DA:36,0
DA:38,0
DA:39,0
DA:42,0
DA:43,0
DA:44,0
DA:45,0
DA:49,0
DA:50,0
DA:52,0
DA:54,0
DA:58,0
DA:59,0
DA:60,0
DA:61,0
DA:62,0
DA:63,0
DA:65,0
DA:66,0
DA:67,0
DA:69,0
DA:73,0
DA:74,0
DA:75,0
DA:77,0
DA:78,0
DA:79,0
DA:85,0
DA:86,0
DA:88,0
DA:90,0
DA:94,0
DA:95,0
DA:97,0
DA:98,0
DA:99,0
DA:100,0
DA:102,0
DA:106,0
DA:107,0
DA:108,0
DA:109,0
DA:110,0
DA:111,0
DA:115,0
DA:133,0
DA:138,0
DA:140,0
DA:146,0
DA:148,0
DA:154,0
DA:188,0
DA:198,0
LF:62
LH:1
BRDA:61,0,0,0
BRDA:61,0,1,0
BRDA:75,1,0,0
BRDA:75,1,1,0
BRDA:75,2,0,0
BRDA:75,2,1,0
BRDA:75,2,2,0
BRDA:75,2,3,0
BRDA:88,3,0,0
BRDA:88,3,1,0
BRDA:95,4,0,0
BRDA:95,4,1,0
BRDA:102,5,0,0
BRDA:102,5,1,0
BRDA:107,6,0,0
BRDA:107,6,1,0
BRDA:107,6,2,0
BRDA:107,6,3,0
BRDA:158,7,0,0
BRDA:158,7,1,0
BRDA:168,8,0,0
BRDA:168,8,1,0
BRDA:170,9,0,0
BRDA:170,9,1,0
BRDA:197,10,0,0
BRDA:197,10,1,0
BRF:26
BRH:0
end_of_record
TN:
SF:src\pages\Produtos.tsx
FN:24,(anonymous_0)
FN:55,(anonymous_1)
FN:72,(anonymous_2)
FN:76,(anonymous_3)
FN:104,(anonymous_4)
FN:127,(anonymous_5)
FN:138,(anonymous_6)
FN:165,(anonymous_7)
FN:170,(anonymous_8)
FN:182,(anonymous_9)
FN:217,(anonymous_10)
FN:218,(anonymous_11)
FN:237,(anonymous_12)
FN:241,(anonymous_13)
FN:245,(anonymous_14)
FN:249,(anonymous_15)
FN:253,(anonymous_16)
FN:262,(anonymous_17)
FN:267,(anonymous_18)
FN:278,(anonymous_19)
FN:289,(anonymous_20)
FN:324,(anonymous_21)
FN:326,(anonymous_22)
FN:333,(anonymous_23)
FN:341,(anonymous_24)
FN:371,(anonymous_25)
FN:375,(anonymous_26)
FN:381,(anonymous_27)
FN:385,(anonymous_28)
FN:389,(anonymous_29)
FN:393,(anonymous_30)
FN:407,(anonymous_31)
FN:407,(anonymous_32)
FNF:33
FNH:0
FNDA:0,(anonymous_0)
FNDA:0,(anonymous_1)
FNDA:0,(anonymous_2)
FNDA:0,(anonymous_3)
FNDA:0,(anonymous_4)
FNDA:0,(anonymous_5)
FNDA:0,(anonymous_6)
FNDA:0,(anonymous_7)
FNDA:0,(anonymous_8)
FNDA:0,(anonymous_9)
FNDA:0,(anonymous_10)
FNDA:0,(anonymous_11)
FNDA:0,(anonymous_12)
FNDA:0,(anonymous_13)
FNDA:0,(anonymous_14)
FNDA:0,(anonymous_15)
FNDA:0,(anonymous_16)
FNDA:0,(anonymous_17)
FNDA:0,(anonymous_18)
FNDA:0,(anonymous_19)
FNDA:0,(anonymous_20)
FNDA:0,(anonymous_21)
FNDA:0,(anonymous_22)
FNDA:0,(anonymous_23)
FNDA:0,(anonymous_24)
FNDA:0,(anonymous_25)
FNDA:0,(anonymous_26)
FNDA:0,(anonymous_27)
FNDA:0,(anonymous_28)
FNDA:0,(anonymous_29)
FNDA:0,(anonymous_30)
FNDA:0,(anonymous_31)
FNDA:0,(anonymous_32)
DA:24,1
DA:25,0
DA:26,0
DA:27,0
DA:28,0
DA:31,0
DA:32,0
DA:33,0
DA:34,0
DA:37,0
DA:38,0
DA:39,0
DA:40,0
DA:41,0
DA:44,0
DA:45,0
DA:47,0
DA:48,0
DA:49,0
DA:50,0
DA:51,0
DA:52,0
DA:53,0
DA:55,0
DA:56,0
DA:57,0
DA:58,0
DA:62,0
DA:63,0
DA:64,0
DA:66,0
DA:68,0
DA:72,0
DA:73,0
DA:76,0
DA:77,0
DA:78,0
DA:80,0
DA:81,0
DA:82,0
DA:91,0
DA:92,0
DA:93,0
DA:94,0
DA:95,0
DA:96,0
DA:98,0
DA:100,0
DA:104,0
DA:105,0
DA:106,0
DA:107,0
DA:110,0
DA:111,0
DA:112,0
DA:117,0
DA:119,0
DA:121,0
DA:122,0
DA:127,0
DA:128,0
DA:129,0
DA:130,0
DA:131,0
DA:132,0
DA:134,0
DA:138,0
DA:139,0
DA:140,0
DA:142,0
DA:143,0
DA:144,0
DA:154,0
DA:155,0
DA:156,0
DA:157,0
DA:159,0
DA:161,0
DA:165,0
DA:166,0
DA:167,0
DA:170,0
DA:171,0
DA:172,0
DA:175,0
DA:182,0
DA:218,0
DA:237,0
DA:241,0
DA:245,0
DA:249,0
DA:253,0
DA:262,0
DA:267,0
DA:278,0
DA:289,0
DA:324,0
DA:327,0
DA:333,0
DA:342,0
DA:371,0
DA:375,0
DA:381,0
DA:385,0
DA:389,0
DA:393,0
DA:407,0
DA:408,0
LF:108
LH:1
BRDA:66,0,0,0
BRDA:66,0,1,0
BRDA:78,1,0,0
BRDA:78,1,1,0
BRDA:78,2,0,0
BRDA:78,2,1,0
BRDA:86,3,0,0
BRDA:86,3,1,0
BRDA:98,4,0,0
BRDA:98,4,1,0
BRDA:110,5,0,0
BRDA:110,5,1,0
BRDA:128,6,0,0
BRDA:128,6,1,0
BRDA:140,7,0,0
BRDA:140,7,1,0
BRDA:140,8,0,0
BRDA:140,8,1,0
BRDA:159,9,0,0
BRDA:159,9,1,0
BRDA:171,10,0,0
BRDA:171,10,1,0
BRDA:171,11,0,0
BRDA:171,11,1,0
BRDA:193,12,0,0
BRDA:193,12,1,0
BRDA:197,13,0,0
BRDA:197,13,1,0
BRDA:199,14,0,0
BRDA:199,14,1,0
BRDA:223,15,0,0
BRDA:223,15,1,0
BRDA:226,16,0,0
BRDA:226,16,1,0
BRDA:256,17,0,0
BRDA:256,17,1,0
BRDA:263,18,0,0
BRDA:263,18,1,0
BRDA:270,19,0,0
BRDA:270,19,1,0
BRDA:271,20,0,0
BRDA:271,20,1,0
BRDA:272,21,0,0
BRDA:272,21,1,0
BRDA:281,22,0,0
BRDA:281,22,1,0
BRDA:282,23,0,0
BRDA:282,23,1,0
BRDA:283,24,0,0
BRDA:283,24,1,0
BRDA:292,25,0,0
BRDA:292,25,1,0
BRDA:293,26,0,0
BRDA:293,26,1,0
BRDA:294,27,0,0
BRDA:294,27,1,0
BRDA:301,28,0,0
BRDA:301,28,1,0
BRDA:310,29,0,0
BRDA:310,29,1,0
BRDA:310,29,2,0
BRDA:347,30,0,0
BRDA:347,30,1,0
BRDA:347,30,2,0
BRDA:356,31,0,0
BRDA:356,31,1,0
BRDA:356,31,2,0
BRDA:362,32,0,0
BRDA:362,32,1,0
BRF:69
BRH:0
end_of_record
TN:
SF:src\pages\TabelaTempos.tsx
FN:13,(anonymous_0)
FN:25,(anonymous_1)
FN:38,(anonymous_2)
FN:42,(anonymous_3)
FN:65,(anonymous_4)
FN:76,(anonymous_5)
FN:111,(anonymous_6)
FN:118,(anonymous_7)
FN:129,(anonymous_8)
FN:146,(anonymous_9)
FN:191,(anonymous_10)
FN:200,(anonymous_11)
FNF:12
FNH:0
FNDA:0,(anonymous_0)
FNDA:0,(anonymous_1)
FNDA:0,(anonymous_2)
FNDA:0,(anonymous_3)
FNDA:0,(anonymous_4)
FNDA:0,(anonymous_5)
FNDA:0,(anonymous_6)
FNDA:0,(anonymous_7)
FNDA:0,(anonymous_8)
FNDA:0,(anonymous_9)
FNDA:0,(anonymous_10)
FNDA:0,(anonymous_11)
DA:13,1
DA:14,0
DA:15,0
DA:16,0
DA:19,0
DA:20,0
DA:21,0
DA:22,0
DA:23,0
DA:25,0
DA:26,0
DA:27,0
DA:28,0
DA:29,0
DA:30,0
DA:32,0
DA:34,0
DA:38,0
DA:39,0
DA:42,0
DA:43,0
DA:44,0
DA:46,0
DA:47,0
DA:48,0
DA:55,0
DA:56,0
DA:57,0
DA:59,0
DA:61,0
DA:65,0
DA:66,0
DA:67,0
DA:68,0
DA:69,0
DA:71,0
DA:76,0
DA:77,0
DA:78,0
DA:79,0
DA:80,0
DA:83,0
DA:111,0
DA:118,0
DA:129,0
DA:146,0
DA:192,0
DA:200,0
LF:48
LH:1
BRDA:32,0,0,0
BRDA:32,0,1,0
BRDA:44,1,0,0
BRDA:44,1,1,0
BRDA:44,2,0,0
BRDA:44,2,1,0
BRDA:59,3,0,0
BRDA:59,3,1,0
BRDA:66,4,0,0
BRDA:66,4,1,0
BRDA:79,5,0,0
BRDA:79,5,1,0
BRDA:111,6,0,0
BRDA:111,6,1,0
BRDA:152,7,0,0
BRDA:152,7,1,0
BRDA:164,8,0,0
BRDA:164,8,1,0
BRDA:169,9,0,0
BRDA:169,9,1,0
BRDA:171,10,0,0
BRDA:171,10,1,0
BRF:22
BRH:0
end_of_record
TN:
SF:src\pages\UnidadesMedida.tsx
FN:4,(anonymous_0)
FN:15,(anonymous_1)
FN:19,(anonymous_2)
FN:23,(anonymous_3)
FNF:4
FNH:0
FNDA:0,(anonymous_0)
FNDA:0,(anonymous_1)
FNDA:0,(anonymous_2)
FNDA:0,(anonymous_3)
DA:4,1
DA:5,0
DA:16,0
DA:19,0
DA:23,0
LF:5
LH:1
BRF:0
BRH:0
end_of_record
